[INFO] Scanning for projects...
[INFO] 
[INFO] ----------------< com.gustavocirino:myday-productivity >----------------
[INFO] Building myday-productivity 0.0.1-SNAPSHOT
[INFO]   from pom.xml
[INFO] --------------------------------[ jar ]---------------------------------
[INFO] 
[INFO] >>> spring-boot:3.5.7:run (default-cli) > test-compile @ myday-productivity >>>
[INFO] 
[INFO] --- resources:3.3.1:resources (default-resources) @ myday-productivity ---
[INFO] Copying 1 resource from src\main\resources to target\classes
[INFO] Copying 16 resources from src\main\resources to target\classes
[INFO] 
[INFO] --- compiler:3.14.1:compile (default-compile) @ myday-productivity ---
[INFO] Nothing to compile - all classes are up to date.
[INFO] 
[INFO] --- resources:3.3.1:testResources (default-testResources) @ myday-productivity ---
[INFO] skip non existing resourceDirectory C:\Users\User\OneDrive\Desktop\Dev\ProgramańŃo\Projetos - Pessoais\myday-productivity\src\test\resources
[INFO] 
[INFO] --- compiler:3.14.1:testCompile (default-testCompile) @ myday-productivity ---
[INFO] Recompiling the module because of changed dependency.
[INFO] Compiling 2 source files with javac [debug parameters release 21] to target\test-classes
